ffmpeg started on 2025-05-18 at 23:45:01
Report written to "ffmpeg-20250518-234501.log"
Log level: 48
Command line:
ffmpeg -report -i "C:\\Users\\LUONG\\AppData\\Local\\Temp\\gradio\\1b0c6889c2f3f35434f90252f26bb82987df8de23777f9d45512ce93c9aa418e\\temp_output_with_audio.mp4" -filter_complex "[0:v]split=1[s0];[s0]format=pix_fmts=yuv420p[s1];[s1]split=1[s2];[s2]drawtext=box=1:boxborderw=10:boxcolor=black@0.5:enable=between(t\\,40.32\\,50.712):fontcolor=white:fontfile=fonts/Roboto-VariableFont_wdth_wght.ttf:fontsize=20:line_spacing=10:text=T\xf4i nh? v? qu\xea huong\x0axua cu\\, v\xe0 nh?ng k? ni?m\x0axua cu\\, v\xe0 t\xf4i hy v?ng\x0as? m?t ng\xe0y tr? l?i\\, d?\x0axem l?i nh?ng g\xec d\xe3 thay\x0ad?i\\, v\xe0 d? c?m nh?n l?i\x0ani?m nh? thuong qu\xea\x0ahuong.:x=(w-text_w)/2:y=540[s3]" -map "[s3]" -c:a -c:v libx264 -crf 20 -pix_fmt yuv420p -shortest "outputs\\video_with_subtitles.mp4" -y
ffmpeg version 7.1.1-essentials_build-www.gyan.dev Copyright (c) 2000-2025 the FFmpeg developers
  built with gcc 14.2.0 (Rev1, Built by MSYS2 project)
  configuration: --enable-gpl --enable-version3 --enable-static --disable-w32threads --disable-autodetect --enable-fontconfig --enable-iconv --enable-gnutls --enable-libxml2 --enable-gmp --enable-bzlib --enable-lzma --enable-zlib --enable-libsrt --enable-libssh --enable-libzmq --enable-avisynth --enable-sdl2 --enable-libwebp --enable-libx264 --enable-libx265 --enable-libxvid --enable-libaom --enable-libopenjpeg --enable-libvpx --enable-mediafoundation --enable-libass --enable-libfreetype --enable-libfribidi --enable-libharfbuzz --enable-libvidstab --enable-libvmaf --enable-libzimg --enable-amf --enable-cuda-llvm --enable-cuvid --enable-dxva2 --enable-d3d11va --enable-d3d12va --enable-ffnvcodec --enable-libvpl --enable-nvdec --enable-nvenc --enable-vaapi --enable-libgme --enable-libopenmpt --enable-libopencore-amrwb --enable-libmp3lame --enable-libtheora --enable-libvo-amrwbenc --enable-libgsm --enable-libopencore-amrnb --enable-libopus --enable-libspeex --enable-libvorbis --enable-librubberband
  libavutil      59. 39.100 / 59. 39.100
  libavcodec     61. 19.101 / 61. 19.101
  libavformat    61.  7.100 / 61.  7.100
  libavdevice    61.  3.100 / 61.  3.100
  libavfilter    10.  4.100 / 10.  4.100
  libswscale      8.  3.100 /  8.  3.100
  libswresample   5.  3.100 /  5.  3.100
  libpostproc    58.  3.100 / 58.  3.100
Splitting the commandline.
Reading option '-report' ... matched as option 'report' (generate a report) with argument '1'.
Reading option '-i' ... matched as input url with argument 'C:\Users\LUONG\AppData\Local\Temp\gradio\1b0c6889c2f3f35434f90252f26bb82987df8de23777f9d45512ce93c9aa418e\temp_output_with_audio.mp4'.
Reading option '-filter_complex' ... matched as option 'filter_complex' (create a complex filtergraph) with argument '[0:v]split=1[s0];[s0]format=pix_fmts=yuv420p[s1];[s1]split=1[s2];[s2]drawtext=box=1:boxborderw=10:boxcolor=black@0.5:enable=between(t\,40.32\,50.712):fontcolor=white:fontfile=fonts/Roboto-VariableFont_wdth_wght.ttf:fontsize=20:line_spacing=10:text=Tôi nhớ về quê hương
xưa cũ\, và những kỷ niệm
xưa cũ\, và tôi hy vọng
sẽ một ngày trở lại\, để
xem lại những gì đã thay
đổi\, và để cảm nhận lại
niềm nhớ thương quê
hương.:x=(w-text_w)/2:y=540[s3]'.
Reading option '-map' ... matched as option 'map' (set input stream mapping) with argument '[s3]'.
Reading option '-c:a' ... matched as option 'c' (select encoder/decoder ('copy' to copy stream without reencoding)) with argument '-c:v'.
Reading option 'libx264' ... matched as output url.
Reading option '-crf' ... matched as AVOption 'crf' with argument '20'.
Reading option '-pix_fmt' ... matched as option 'pix_fmt' (set pixel format) with argument 'yuv420p'.
Reading option '-shortest' ... matched as option 'shortest' (finish encoding within shortest input) with argument '1'.
Reading option 'outputs\video_with_subtitles.mp4' ... matched as output url.
Reading option '-y' ... matched as option 'y' (overwrite output files) with argument '1'.
Finished splitting the commandline.
Parsing a group of options: global .
Applying option report (generate a report) with argument 1.
Applying option filter_complex (create a complex filtergraph) with argument [0:v]split=1[s0];[s0]format=pix_fmts=yuv420p[s1];[s1]split=1[s2];[s2]drawtext=box=1:boxborderw=10:boxcolor=black@0.5:enable=between(t\,40.32\,50.712):fontcolor=white:fontfile=fonts/Roboto-VariableFont_wdth_wght.ttf:fontsize=20:line_spacing=10:text=Tôi nhớ về quê hương
xưa cũ\, và những kỷ niệm
xưa cũ\, và tôi hy vọng
sẽ một ngày trở lại\, để
xem lại những gì đã thay
đổi\, và để cảm nhận lại
niềm nhớ thương quê
hương.:x=(w-text_w)/2:y=540[s3].
[AVFilterGraph @ 00000263c6d70ec0] Setting 'outputs' to value '1'
[AVFilterGraph @ 00000263c6d70ec0] Setting 'pix_fmts' to value 'yuv420p'
[AVFilterGraph @ 00000263c6d70ec0] Setting 'outputs' to value '1'
[AVFilterGraph @ 00000263c6d70ec0] Setting 'box' to value '1'
[AVFilterGraph @ 00000263c6d70ec0] Setting 'boxborderw' to value '10'
[AVFilterGraph @ 00000263c6d70ec0] Setting 'boxcolor' to value 'black@0.5'
[AVFilterGraph @ 00000263c6d70ec0] Setting 'enable' to value 'between(t,40.32,50.712)'
[AVFilterGraph @ 00000263c6d70ec0] Setting 'fontcolor' to value 'white'
[AVFilterGraph @ 00000263c6d70ec0] Setting 'fontfile' to value 'fonts/Roboto-VariableFont_wdth_wght.ttf'
[AVFilterGraph @ 00000263c6d70ec0] Setting 'fontsize' to value '20'
[AVFilterGraph @ 00000263c6d70ec0] Setting 'line_spacing' to value '10'
[AVFilterGraph @ 00000263c6d70ec0] Setting 'text' to value 'Tôi nhớ về quê hương
xưa cũ, và những kỷ niệm
xưa cũ, và tôi hy vọng
sẽ một ngày trở lại, để
xem lại những gì đã thay
đổi, và để cảm nhận lại
niềm nhớ thương quê
hương.'
[AVFilterGraph @ 00000263c6d70ec0] Setting 'x' to value '(w-text_w)/2'
[AVFilterGraph @ 00000263c6d70ec0] Setting 'y' to value '540'
Applying option y (overwrite output files) with argument 1.
Successfully parsed a group of options.
Parsing a group of options: input url C:\Users\LUONG\AppData\Local\Temp\gradio\1b0c6889c2f3f35434f90252f26bb82987df8de23777f9d45512ce93c9aa418e\temp_output_with_audio.mp4.
Successfully parsed a group of options.
Opening an input file: C:\Users\LUONG\AppData\Local\Temp\gradio\1b0c6889c2f3f35434f90252f26bb82987df8de23777f9d45512ce93c9aa418e\temp_output_with_audio.mp4.
[AVFormatContext @ 00000263c6d7a000] Opening 'C:\Users\LUONG\AppData\Local\Temp\gradio\1b0c6889c2f3f35434f90252f26bb82987df8de23777f9d45512ce93c9aa418e\temp_output_with_audio.mp4' for reading
[file @ 00000263c6d79dc0] Setting default whitelist 'file,crypto,data'
[mov,mp4,m4a,3gp,3g2,mj2 @ 00000263c6d7a000] Format mov,mp4,m4a,3gp,3g2,mj2 probed with size=2048 and score=100
[mov,mp4,m4a,3gp,3g2,mj2 @ 00000263c6d7a000] ISO: File Type Major Brand: isom
[mov,mp4,m4a,3gp,3g2,mj2 @ 00000263c6d7a000] Unknown dref type 0x206c7275 size 12
[mov,mp4,m4a,3gp,3g2,mj2 @ 00000263c6d7a000] Processing st: 0, edit list 0 - media time: 256, duration: 778890
[mov,mp4,m4a,3gp,3g2,mj2 @ 00000263c6d7a000] Offset DTS by 256 to make first pts zero.
[mov,mp4,m4a,3gp,3g2,mj2 @ 00000263c6d7a000] Setting codecpar->delay to 2 for stream st: 0
[mov,mp4,m4a,3gp,3g2,mj2 @ 00000263c6d7a000] Unknown dref type 0x206c7275 size 12
[mov,mp4,m4a,3gp,3g2,mj2 @ 00000263c6d7a000] Processing st: 1, edit list 0 - media time: 1024, duration: 2433024
[mov,mp4,m4a,3gp,3g2,mj2 @ 00000263c6d7a000] drop a frame at curr_cts: 0 @ 0
[mov,mp4,m4a,3gp,3g2,mj2 @ 00000263c6d7a000] Before avformat_find_stream_info() pos: 8183350 bytes read:160310 seeks:1 nb_streams:2
[h264 @ 00000263c6d78dc0] nal_unit_type: 7(SPS), nal_ref_idc: 3
[h264 @ 00000263c6d78dc0] Decoding VUI
[h264 @ 00000263c6d78dc0] nal_unit_type: 8(PPS), nal_ref_idc: 3
Transform tree:
    mdct_inv_float_avx2 - type: mdct_float, len: 64, factors[2]: [2, any], flags: [aligned, out_of_place, inv_only]
        fft32_asm_float_fma3 - type: fft_float, len: 32, factor: 2, flags: [aligned, inplace, out_of_place, preshuf, asm_call]
Transform tree:
    mdct_inv_float_avx2 - type: mdct_float, len: 64, factors[2]: [2, any], flags: [aligned, out_of_place, inv_only]
        fft32_asm_float_fma3 - type: fft_float, len: 32, factor: 2, flags: [aligned, inplace, out_of_place, preshuf, asm_call]
Transform tree:
    mdct_pfa_3xM_inv_float_c - type: mdct_float, len: 96, factors[2]: [3, any], flags: [unaligned, out_of_place, inv_only]
        fft16_ns_float_fma3 - type: fft_float, len: 16, factor: 2, flags: [aligned, inplace, out_of_place, preshuf]
Transform tree:
    mdct_inv_float_avx2 - type: mdct_float, len: 120, factors[2]: [2, any], flags: [aligned, out_of_place, inv_only]
        fft_pfa_15xM_asm_float_avx2 - type: fft_float, len: 60, factors[2]: [15, 2], flags: [aligned, inplace, out_of_place, preshuf, asm_call]
            fft4_fwd_asm_float_sse2 - type: fft_float, len: 4, factor: 2, flags: [aligned, inplace, out_of_place, preshuf, asm_call]
Transform tree:
    mdct_inv_float_avx2 - type: mdct_float, len: 128, factors[2]: [2, any], flags: [aligned, out_of_place, inv_only]
        fft_sr_asm_float_fma3 - type: fft_float, len: 64, factor: 2, flags: [aligned, inplace, out_of_place, preshuf, asm_call]
Transform tree:
    mdct_inv_float_avx2 - type: mdct_float, len: 480, factors[2]: [2, any], flags: [aligned, out_of_place, inv_only]
        fft_pfa_15xM_asm_float_avx2 - type: fft_float, len: 240, factors[2]: [15, 2], flags: [aligned, inplace, out_of_place, preshuf, asm_call]
            fft16_asm_float_fma3 - type: fft_float, len: 16, factor: 2, flags: [aligned, inplace, out_of_place, preshuf, asm_call]
Transform tree:
    mdct_inv_float_avx2 - type: mdct_float, len: 512, factors[2]: [2, any], flags: [aligned, out_of_place, inv_only]
        fft_sr_asm_float_fma3 - type: fft_float, len: 256, factor: 2, flags: [aligned, inplace, out_of_place, preshuf, asm_call]
Transform tree:
    mdct_pfa_3xM_inv_float_c - type: mdct_float, len: 768, factors[2]: [3, any], flags: [unaligned, out_of_place, inv_only]
        fft_sr_ns_float_fma3 - type: fft_float, len: 128, factor: 2, flags: [aligned, inplace, out_of_place, preshuf]
Transform tree:
    mdct_inv_float_avx2 - type: mdct_float, len: 960, factors[2]: [2, any], flags: [aligned, out_of_place, inv_only]
        fft_pfa_15xM_asm_float_avx2 - type: fft_float, len: 480, factors[2]: [15, 2], flags: [aligned, inplace, out_of_place, preshuf, asm_call]
            fft32_asm_float_fma3 - type: fft_float, len: 32, factor: 2, flags: [aligned, inplace, out_of_place, preshuf, asm_call]
Transform tree:
    mdct_inv_float_avx2 - type: mdct_float, len: 1024, factors[2]: [2, any], flags: [aligned, out_of_place, inv_only]
        fft_sr_asm_float_fma3 - type: fft_float, len: 512, factor: 2, flags: [aligned, inplace, out_of_place, preshuf, asm_call]
Transform tree:
    mdct_fwd_float_c - type: mdct_float, len: 1024, factors[2]: [2, any], flags: [unaligned, out_of_place, fwd_only]
        fft_sr_ns_float_fma3 - type: fft_float, len: 512, factor: 2, flags: [aligned, inplace, out_of_place, preshuf]
[mov,mp4,m4a,3gp,3g2,mj2 @ 00000263c6d7a000] demuxer injecting skip 1024 / discard 0
[aac @ 00000263c6d72480] skip 1024 / discard 0 samples due to side data
[h264 @ 00000263c6d78dc0] nal_unit_type: 7(SPS), nal_ref_idc: 3
[h264 @ 00000263c6d78dc0] Decoding VUI
[h264 @ 00000263c6d78dc0] nal_unit_type: 8(PPS), nal_ref_idc: 3
[h264 @ 00000263c6d78dc0] nal_unit_type: 6(SEI), nal_ref_idc: 0
[h264 @ 00000263c6d78dc0] nal_unit_type: 5(IDR), nal_ref_idc: 3
[h264 @ 00000263c6d78dc0] Format yuv420p chosen by get_format().
[h264 @ 00000263c6d78dc0] Reinit context to 592x800, pix_fmt: yuv420p
[h264 @ 00000263c6d78dc0] no picture 
[mov,mp4,m4a,3gp,3g2,mj2 @ 00000263c6d7a000] All info found
[mov,mp4,m4a,3gp,3g2,mj2 @ 00000263c6d7a000] After avformat_find_stream_info() pos: 12411 bytes read:193078 seeks:2 frames:2
Input #0, mov,mp4,m4a,3gp,3g2,mj2, from 'C:\Users\LUONG\AppData\Local\Temp\gradio\1b0c6889c2f3f35434f90252f26bb82987df8de23777f9d45512ce93c9aa418e\temp_output_with_audio.mp4':
  Metadata:
    major_brand     : isom
    minor_version   : 512
    compatible_brands: isomiso2avc1mp41
    encoder         : Lavf61.7.100
  Duration: 00:00:50.71, start: 0.000000, bitrate: 1291 kb/s
  Stream #0:0[0x1](und), 1, 1/15360: Video: h264 (High) (avc1 / 0x31637661), yuv420p(progressive), 592x800, 1142 kb/s, 120 fps, 120 tbr, 15360 tbn (default)
      Metadata:
        handler_name    : VideoHandler
        vendor_id       : [0][0][0][0]
        encoder         : Lavc61.19.101 libx264
  Stream #0:1[0x2](und), 1, 1/48000: Audio: aac (LC) (mp4a / 0x6134706D), 48000 Hz, stereo, fltp, 128 kb/s (default)
      Metadata:
        handler_name    : SoundHandler
        vendor_id       : [0][0][0][0]
Successfully opened the file.
Parsing a group of options: output url libx264.
Applying option map (set input stream mapping) with argument [s3].
Applying option c:a (select encoder/decoder ('copy' to copy stream without reencoding)) with argument -c:v.
Successfully parsed a group of options.
Opening an output file: libx264.
[AVFormatContext @ 00000263c6de6140] Unable to choose an output format for 'libx264'; use a standard extension for the filename or specify the format manually.
[out#0 @ 00000263c6d72740] Error initializing the muxer for libx264: Invalid argument
Error opening output file libx264.
Error opening output files: Invalid argument
[AVIOContext @ 00000263c6d76fc0] Statistics: 193078 bytes read, 2 seeks
